# JRE version: Java(TM) SE Runtime Environment (8.0_101-b13) (build 1.8.0_101-b13)
# Java VM: Java HotSpot(TM) Client VM (25.101-b13 mixed mode windows-x86 )
Heap:
 def new generation   total 32384K, used 1065K [0x03c00000, 0x05f20000, 0x19150000)
  eden space 28800K,   0% used [0x03c00000, 0x03c00000, 0x05820000)
  from space 3584K,  29% used [0x05ba0000, 0x05caa4d0, 0x05f20000)
  to   space 3584K,   0% used [0x05820000, 0x05820000, 0x05ba0000)
 tenured generation   total 75828K, used 73097K [0x19150000, 0x1db5d000, 0x43c00000)
   the space 75828K,  96% used [0x19150000, 0x1d8b27c0, 0x1d8b2800, 0x1db5d000)
 Metaspace       used 35045K, capacity 35891K, committed 35968K, reserved 36224K
GC Heap History (10 events):
Event: 223.466 GC heap after
Heap after GC invocations=116 (full 6):
 def new generation   total 32384K, used 2331K [0x03c00000, 0x05f20000, 0x19150000)
  eden space 28800K,   0% used [0x03c00000, 0x03c00000, 0x05820000)
  from space 3584K,  65% used [0x05820000, 0x05a66fb0, 0x05ba0000)
  to   space 3584K,   0% used [0x05ba0000, 0x05ba0000, 0x05f20000)
 tenured generation   total 71728K, used 55958K [0x19150000, 0x1d75c000, 0x43c00000)
   the space 71728K,  78% used [0x19150000, 0x1c7f5b48, 0x1c7f5c00, 0x1d75c000)
 Metaspace       used 34545K, capacity 35341K, committed 35456K, reserved 36224K
}
Event: 283.139 GC heap before
{Heap before GC invocations=116 (full 6):
 def new generation   total 32384K, used 31131K [0x03c00000, 0x05f20000, 0x19150000)
  eden space 28800K, 100% used [0x03c00000, 0x05820000, 0x05820000)
  from space 3584K,  65% used [0x05820000, 0x05a66fb0, 0x05ba0000)
  to   space 3584K,   0% used [0x05ba0000, 0x05ba0000, 0x05f20000)
 tenured generation   total 71728K, used 55958K [0x19150000, 0x1d75c000, 0x43c00000)
   the space 71728K,  78% used [0x19150000, 0x1c7f5b48, 0x1c7f5c00, 0x1d75c000)
 Metaspace       used 34868K, capacity 35661K, committed 35712K, reserved 36224K
Event: 283.155 GC heap after
Heap after GC invocations=117 (full 6):
 def new generation   total 32384K, used 2055K [0x03c00000, 0x05f20000, 0x19150000)
  eden space 28800K,   0% used [0x03c00000, 0x03c00000, 0x05820000)
  from space 3584K,  57% used [0x05ba0000, 0x05da1ed0, 0x05f20000)
  to   space 3584K,   0% used [0x05820000, 0x05820000, 0x05ba0000)
 tenured generation   total 71728K, used 56566K [0x19150000, 0x1d75c000, 0x43c00000)
   the space 71728K,  78% used [0x19150000, 0x1c88daf8, 0x1c88dc00, 0x1d75c000)
 Metaspace       used 34868K, capacity 35661K, committed 35712K, reserved 36224K
}
Event: 1035.870 GC heap before
{Heap before GC invocations=117 (full 6):
 def new generation   total 32384K, used 30855K [0x03c00000, 0x05f20000, 0x19150000)
  eden space 28800K, 100% used [0x03c00000, 0x05820000, 0x05820000)
  from space 3584K,  57% used [0x05ba0000, 0x05da1ed0, 0x05f20000)
  to   space 3584K,   0% used [0x05820000, 0x05820000, 0x05ba0000)
 tenured generation   total 71728K, used 56566K [0x19150000, 0x1d75c000, 0x43c00000)
   the space 71728K,  78% used [0x19150000, 0x1c88daf8, 0x1c88dc00, 0x1d75c000)
 Metaspace       used 34889K, capacity 35686K, committed 35712K, reserved 36224K
Event: 1058.858 GC heap after
Heap after GC invocations=118 (full 6):
 def new generation   total 32384K, used 1385K [0x03c00000, 0x05f20000, 0x19150000)
  eden space 28800K,   0% used [0x03c00000, 0x03c00000, 0x05820000)
  from space 3584K,  38% used [0x05820000, 0x0597a6e8, 0x05ba0000)
  to   space 3584K,   0% used [0x05ba0000, 0x05ba0000, 0x05f20000)
 tenured generation   total 71728K, used 57412K [0x19150000, 0x1d75c000, 0x43c00000)
   the space 71728K,  80% used [0x19150000, 0x1c9610a0, 0x1c961200, 0x1d75c000)
 Metaspace       used 34889K, capacity 35686K, committed 35712K, reserved 36224K
}
Event: 1075.793 GC heap before
{Heap before GC invocations=118 (full 6):
 def new generation   total 32384K, used 30185K [0x03c00000, 0x05f20000, 0x19150000)
  eden space 28800K, 100% used [0x03c00000, 0x05820000, 0x05820000)
  from space 3584K,  38% used [0x05820000, 0x0597a6e8, 0x05ba0000)
  to   space 3584K,   0% used [0x05ba0000, 0x05ba0000, 0x05f20000)
 tenured generation   total 71728K, used 57412K [0x19150000, 0x1d75c000, 0x43c00000)
   the space 71728K,  80% used [0x19150000, 0x1c9610a0, 0x1c961200, 0x1d75c000)
 Metaspace       used 34998K, capacity 35785K, committed 35840K, reserved 36224K
Event: 1076.176 GC heap after
Heap after GC invocations=119 (full 6):
 def new generation   total 32384K, used 2499K [0x03c00000, 0x05f20000, 0x19150000)
  eden space 28800K,   0% used [0x03c00000, 0x03c00000, 0x05820000)
  from space 3584K,  69% used [0x05ba0000, 0x05e10f10, 0x05f20000)
  to   space 3584K,   0% used [0x05820000, 0x05820000, 0x05ba0000)
 tenured generation   total 71728K, used 57412K [0x19150000, 0x1d75c000, 0x43c00000)
   the space 71728K,  80% used [0x19150000, 0x1c9610a0, 0x1c961200, 0x1d75c000)
 Metaspace       used 34998K, capacity 35785K, committed 35840K, reserved 36224K
}
Event: 1077.704 GC heap before
{Heap before GC invocations=119 (full 6):
 def new generation   total 32384K, used 29860K [0x03c00000, 0x05f20000, 0x19150000)
  eden space 28800K,  95% used [0x03c00000, 0x056b81b0, 0x05820000)
  from space 3584K,  69% used [0x05ba0000, 0x05e10f10, 0x05f20000)
  to   space 3584K,   0% used [0x05820000, 0x05820000, 0x05ba0000)
 tenured generation   total 71728K, used 57412K [0x19150000, 0x1d75c000, 0x43c00000)
   the space 71728K,  80% used [0x19150000, 0x1c9610a0, 0x1c961200, 0x1d75c000)
 Metaspace       used 35012K, capacity 35827K, committed 35840K, reserved 36224K
Event: 1077.855 GC heap after
Heap after GC invocations=120 (full 6):
 def new generation   total 32384K, used 2307K [0x03c00000, 0x05f20000, 0x19150000)
  eden space 28800K,   0% used [0x03c00000, 0x03c00000, 0x05820000)
  from space 3584K,  64% used [0x05820000, 0x05a60f08, 0x05ba0000)
  to   space 3584K,   0% used [0x05ba0000, 0x05ba0000, 0x05f20000)
 tenured generation   total 71728K, used 67671K [0x19150000, 0x1d75c000, 0x43c00000)
   the space 71728K,  94% used [0x19150000, 0x1d365d18, 0x1d365e00, 0x1d75c000)
 Metaspace       used 35012K, capacity 35827K, committed 35840K, reserved 36224K
}
Event: 1079.722 GC heap before
{Heap before GC invocations=120 (full 6):
 def new generation   total 32384K, used 28175K [0x03c00000, 0x05f20000, 0x19150000)
  eden space 28800K,  89% used [0x03c00000, 0x05542f68, 0x05820000)
  from space 3584K,  64% used [0x05820000, 0x05a60f08, 0x05ba0000)
  to   space 3584K,   0% used [0x05ba0000, 0x05ba0000, 0x05f20000)
 tenured generation   total 71728K, used 67671K [0x19150000, 0x1d75c000, 0x43c00000)
   the space 71728K,  94% used [0x19150000, 0x1d365d18, 0x1d365e00, 0x1d75c000)
 Metaspace       used 35045K, capacity 35891K, committed 35968K, reserved 36224K

